D:\网络协议分析2521\ARPRESOLVE作业1\ARPRESOLVE\ARPRESOLVE\DEBUG\ARPRESOLVE.EXE.EMBED.MANIFEST
D:\网络协议分析2521\ARPRESOLVE作业1\ARPRESOLVE\ARPRESOLVE\DEBUG\ARPRESOLVE.EXE.EMBED.MANIFEST.RES
D:\网络协议分析2521\ARPRESOLVE作业1\ARPRESOLVE\ARPRESOLVE\DEBUG\ARPRESOLVE.EXE.INTERMEDIATE.MANIFEST
D:\网络协议分析2521\ARPRESOLVE作业1\ARPRESOLVE\ARPRESOLVE\DEBUG\ARPRESOLVE.OBJ
D:\网络协议分析2521\ArpResolve作业1\ArpResolve\ArpResolve\Debug\ArpResolve.write.1.tlog
D:\网络协议分析2521\ArpResolve作业1\ArpResolve\ArpResolve\Debug\ArpResolve_manifest.rc
D:\网络协议分析2521\ArpResolve作业1\ArpResolve\ArpResolve\Debug\cl.command.1.tlog
D:\网络协议分析2521\ArpResolve作业1\ArpResolve\ArpResolve\Debug\CL.read.1.tlog
D:\网络协议分析2521\ArpResolve作业1\ArpResolve\ArpResolve\Debug\CL.write.1.tlog
D:\网络协议分析2521\ArpResolve作业1\ArpResolve\ArpResolve\Debug\link.5344.read.1.tlog
D:\网络协议分析2521\ArpResolve作业1\ArpResolve\ArpResolve\Debug\link.5344.write.1.tlog
D:\网络协议分析2521\ArpResolve作业1\ArpResolve\ArpResolve\Debug\link.5344-cvtres.read.1.tlog
D:\网络协议分析2521\ArpResolve作业1\ArpResolve\ArpResolve\Debug\link.5344-cvtres.write.1.tlog
D:\网络协议分析2521\ArpResolve作业1\ArpResolve\ArpResolve\Debug\link.command.1.tlog
D:\网络协议分析2521\ArpResolve作业1\ArpResolve\ArpResolve\Debug\link.read.1.tlog
D:\网络协议分析2521\ArpResolve作业1\ArpResolve\ArpResolve\Debug\link.write.1.tlog
D:\网络协议分析2521\ArpResolve作业1\ArpResolve\ArpResolve\Debug\link-cvtres.read.1.tlog
D:\网络协议分析2521\ArpResolve作业1\ArpResolve\ArpResolve\Debug\link-cvtres.write.1.tlog
D:\网络协议分析2521\ArpResolve作业1\ArpResolve\ArpResolve\Debug\mt.command.1.tlog
D:\网络协议分析2521\ArpResolve作业1\ArpResolve\ArpResolve\Debug\mt.read.1.tlog
D:\网络协议分析2521\ArpResolve作业1\ArpResolve\ArpResolve\Debug\mt.write.1.tlog
D:\网络协议分析2521\ArpResolve作业1\ArpResolve\ArpResolve\Debug\rc.command.1.tlog
D:\网络协议分析2521\ArpResolve作业1\ArpResolve\ArpResolve\Debug\rc.read.1.tlog
D:\网络协议分析2521\ArpResolve作业1\ArpResolve\ArpResolve\Debug\rc.write.1.tlog
D:\网络协议分析2521\ArpResolve作业1\ArpResolve\ArpResolve\Debug\vc100.idb
D:\网络协议分析2521\ARPRESOLVE作业1\ARPRESOLVE\ARPRESOLVE\DEBUG\VC100.PDB
D:\网络协议分析2521\ARPRESOLVE作业1\ARPRESOLVE\DEBUG\ARPRESOLVE.EXE
D:\网络协议分析2521\ARPRESOLVE作业1\ARPRESOLVE\DEBUG\ARPRESOLVE.ILK
D:\网络协议分析2521\ARPRESOLVE作业1\ARPRESOLVE\DEBUG\ARPRESOLVE.PDB
