生成启动时间为 2017/3/20 22:01:47。
     1>项目“D:\网络协议分析2521\ArpResolve作业1\ArpResolve\ArpResolve\ArpResolve.vcxproj”在节点 2 上(rebuild 个目标)。
     1>_PrepareForClean:
         正在删除文件“Debug\ArpResolve.lastbuildstate”。
       InitializeBuildStatus:
         正在创建“Debug\ArpResolve.unsuccessfulbuild”，因为已指定“AlwaysCreate”。
       ClCompile:
         C:\Program Files (x86)\Microsoft Visual Studio 10.0\VC\bin\CL.exe /c /ZI /nologo /W3 /WX- /Od /Oy- /D WIN32 /D _DEBUG /D _CONSOLE /D _UNICODE /D UNICODE /Gm /EHsc /RTC1 /MDd /GS /fp:precise /Zc:wchar_t /Zc:forScope /Fo"Debug\\" /Fd"Debug\vc100.pdb" /Gd /TP /analyze- /errorReport:prompt arpresolve.cpp
         arpresolve.cpp
     1>d:\网络协议分析2521\arpresolve作业1\arpresolve\arpresolve\arpresolve.cpp(13): warning C4996: 'strcpy': This function or variable may be unsafe. Consider using strcpy_s instead. To disable deprecation, use _CRT_SECURE_NO_WARNINGS. See online help for details.
                 c:\program files (x86)\microsoft visual studio 10.0\vc\include\string.h(105) : 参见“strcpy”的声明
     1>d:\网络协议分析2521\arpresolve作业1\arpresolve\arpresolve\arpresolve.cpp(14): warning C4996: 'strcat': This function or variable may be unsafe. Consider using strcat_s instead. To disable deprecation, use _CRT_SECURE_NO_WARNINGS. See online help for details.
                 c:\program files (x86)\microsoft visual studio 10.0\vc\include\string.h(110) : 参见“strcat”的声明
     1>d:\网络协议分析2521\arpresolve作业1\arpresolve\arpresolve\arpresolve.cpp(16): warning C4996: 'strcat': This function or variable may be unsafe. Consider using strcat_s instead. To disable deprecation, use _CRT_SECURE_NO_WARNINGS. See online help for details.
                 c:\program files (x86)\microsoft visual studio 10.0\vc\include\string.h(110) : 参见“strcat”的声明
     1>d:\网络协议分析2521\arpresolve作业1\arpresolve\arpresolve\arpresolve.cpp(17): warning C4996: 'strcat': This function or variable may be unsafe. Consider using strcat_s instead. To disable deprecation, use _CRT_SECURE_NO_WARNINGS. See online help for details.
                 c:\program files (x86)\microsoft visual studio 10.0\vc\include\string.h(110) : 参见“strcat”的声明
     1>d:\网络协议分析2521\arpresolve作业1\arpresolve\arpresolve\arpresolve.cpp(18): warning C4996: 'strcat': This function or variable may be unsafe. Consider using strcat_s instead. To disable deprecation, use _CRT_SECURE_NO_WARNINGS. See online help for details.
                 c:\program files (x86)\microsoft visual studio 10.0\vc\include\string.h(110) : 参见“strcat”的声明
     1>d:\网络协议分析2521\arpresolve作业1\arpresolve\arpresolve\arpresolve.cpp(19): warning C4996: 'strcat': This function or variable may be unsafe. Consider using strcat_s instead. To disable deprecation, use _CRT_SECURE_NO_WARNINGS. See online help for details.
                 c:\program files (x86)\microsoft visual studio 10.0\vc\include\string.h(110) : 参见“strcat”的声明
     1>d:\网络协议分析2521\arpresolve作业1\arpresolve\arpresolve\arpresolve.cpp(20): warning C4996: 'strcat': This function or variable may be unsafe. Consider using strcat_s instead. To disable deprecation, use _CRT_SECURE_NO_WARNINGS. See online help for details.
                 c:\program files (x86)\microsoft visual studio 10.0\vc\include\string.h(110) : 参见“strcat”的声明
     1>d:\网络协议分析2521\arpresolve作业1\arpresolve\arpresolve\arpresolve.cpp(21): warning C4996: 'strcat': This function or variable may be unsafe. Consider using strcat_s instead. To disable deprecation, use _CRT_SECURE_NO_WARNINGS. See online help for details.
                 c:\program files (x86)\microsoft visual studio 10.0\vc\include\string.h(110) : 参见“strcat”的声明
     1>d:\网络协议分析2521\arpresolve作业1\arpresolve\arpresolve\arpresolve.cpp(22): warning C4996: 'strcat': This function or variable may be unsafe. Consider using strcat_s instead. To disable deprecation, use _CRT_SECURE_NO_WARNINGS. See online help for details.
                 c:\program files (x86)\microsoft visual studio 10.0\vc\include\string.h(110) : 参见“strcat”的声明
     1>d:\网络协议分析2521\arpresolve作业1\arpresolve\arpresolve\arpresolve.cpp(23): warning C4996: 'strcat': This function or variable may be unsafe. Consider using strcat_s instead. To disable deprecation, use _CRT_SECURE_NO_WARNINGS. See online help for details.
                 c:\program files (x86)\microsoft visual studio 10.0\vc\include\string.h(110) : 参见“strcat”的声明
     1>d:\网络协议分析2521\arpresolve作业1\arpresolve\arpresolve\arpresolve.cpp(24): warning C4996: 'strcat': This function or variable may be unsafe. Consider using strcat_s instead. To disable deprecation, use _CRT_SECURE_NO_WARNINGS. See online help for details.
                 c:\program files (x86)\microsoft visual studio 10.0\vc\include\string.h(110) : 参见“strcat”的声明
     1>d:\网络协议分析2521\arpresolve作业1\arpresolve\arpresolve\arpresolve.cpp(27): warning C4101: “arphead”: 未引用的局部变量
       ManifestResourceCompile:
         C:\Program Files (x86)\Microsoft SDKs\Windows\v7.0A\bin\rc.exe /nologo /fo"Debug\ArpResolve.exe.embed.manifest.res" Debug\ArpResolve_manifest.rc 
       Link:
         C:\Program Files (x86)\Microsoft Visual Studio 10.0\VC\bin\link.exe /ERRORREPORT:PROMPT /OUT:"D:\网络协议分析2521\ArpResolve作业1\ArpResolve\Debug\ArpResolve.exe" /INCREMENTAL /NOLOGO kernel32.lib user32.lib gdi32.lib winspool.lib comdlg32.lib advapi32.lib shell32.lib ole32.lib oleaut32.lib uuid.lib odbc32.lib odbccp32.lib /MANIFEST /ManifestFile:"Debug\ArpResolve.exe.intermediate.manifest" /MANIFESTUAC:"level='asInvoker' uiAccess='false'" /DEBUG /PDB:"D:\网络协议分析2521\ArpResolve作业1\ArpResolve\Debug\ArpResolve.pdb" /SUBSYSTEM:CONSOLE /TLBID:1 /DYNAMICBASE /NXCOMPAT /IMPLIB:"D:\网络协议分析2521\ArpResolve作业1\ArpResolve\Debug\ArpResolve.lib" /MACHINE:X86 Debug\ArpResolve.exe.embed.manifest.res
         Debug\arpresolve.obj
       Manifest:
         正在删除文件“Debug\ArpResolve.exe.embed.manifest”。
         C:\Program Files (x86)\Microsoft SDKs\Windows\v7.0A\bin\mt.exe /nologo /verbose /out:"Debug\ArpResolve.exe.embed.manifest" /manifest Debug\ArpResolve.exe.intermediate.manifest
         C:\Program Files (x86)\Microsoft SDKs\Windows\v7.0A\bin\rc.exe /nologo /fo"Debug\ArpResolve.exe.embed.manifest.res" Debug\ArpResolve_manifest.rc 
       LinkEmbedManifest:
         C:\Program Files (x86)\Microsoft Visual Studio 10.0\VC\bin\link.exe /ERRORREPORT:PROMPT /OUT:"D:\网络协议分析2521\ArpResolve作业1\ArpResolve\Debug\ArpResolve.exe" /INCREMENTAL /NOLOGO kernel32.lib user32.lib gdi32.lib winspool.lib comdlg32.lib advapi32.lib shell32.lib ole32.lib oleaut32.lib uuid.lib odbc32.lib odbccp32.lib /MANIFEST /ManifestFile:"Debug\ArpResolve.exe.intermediate.manifest" /MANIFESTUAC:"level='asInvoker' uiAccess='false'" /DEBUG /PDB:"D:\网络协议分析2521\ArpResolve作业1\ArpResolve\Debug\ArpResolve.pdb" /SUBSYSTEM:CONSOLE /TLBID:1 /DYNAMICBASE /NXCOMPAT /IMPLIB:"D:\网络协议分析2521\ArpResolve作业1\ArpResolve\Debug\ArpResolve.lib" /MACHINE:X86 Debug\ArpResolve.exe.embed.manifest.res
         Debug\arpresolve.obj
         ArpResolve.vcxproj -> D:\网络协议分析2521\ArpResolve作业1\ArpResolve\Debug\ArpResolve.exe
       FinalizeBuildStatus:
         正在删除文件“Debug\ArpResolve.unsuccessfulbuild”。
         正在对“Debug\ArpResolve.lastbuildstate”执行 Touch 任务。
     1>已完成生成项目“D:\网络协议分析2521\ArpResolve作业1\ArpResolve\ArpResolve\ArpResolve.vcxproj”(rebuild 个目标)的操作。

生成成功。

已用时间 00:00:01.10
